{"contracts\\CampaignDonating.sol":{"l":{"22":11,"23":7,"33":6,"34":6,"35":6,"36":6,"37":6,"41":1,"42":1,"43":1,"44":1,"45":1,"46":1,"47":2,"48":2,"49":2,"50":2,"52":1},"path":"D:/Desktop/kingsland/Final Project/fundraising-platform-dapp/smart-contracts/contracts/CampaignDonating.sol","s":{"1":11,"2":6,"3":6,"4":6,"5":6,"6":1,"7":1,"8":1,"9":1,"10":1,"11":1,"12":2,"13":2,"14":2,"15":2,"16":1},"b":{"1":[7,4]},"f":{"1":11,"2":6,"3":1},"fnMap":{"1":{"name":"onlyCampaignNotFinished","line":21,"loc":{"start":{"line":21,"column":4},"end":{"line":21,"column":52}}},"2":{"name":"donateToCampaign","line":32,"loc":{"start":{"line":32,"column":4},"end":{"line":32,"column":117}}},"3":{"name":"getCampaignDonations","line":40,"loc":{"start":{"line":40,"column":4},"end":{"line":40,"column":173}}}},"statementMap":{"1":{"start":{"line":22,"column":8},"end":{"line":22,"column":48}},"2":{"start":{"line":33,"column":8},"end":{"line":33,"column":59}},"3":{"start":{"line":34,"column":8},"end":{"line":34,"column":59}},"4":{"start":{"line":35,"column":8},"end":{"line":35,"column":61}},"5":{"start":{"line":37,"column":8},"end":{"line":37,"column":102}},"6":{"start":{"line":41,"column":8},"end":{"line":41,"column":76}},"7":{"start":{"line":42,"column":8},"end":{"line":42,"column":71}},"8":{"start":{"line":43,"column":8},"end":{"line":43,"column":73}},"9":{"start":{"line":44,"column":8},"end":{"line":44,"column":65}},"10":{"start":{"line":45,"column":8},"end":{"line":45,"column":69}},"11":{"start":{"line":46,"column":8},"end":{"line":46,"column":1775}},"12":{"start":{"line":47,"column":12},"end":{"line":47,"column":48}},"13":{"start":{"line":48,"column":12},"end":{"line":48,"column":52}},"14":{"start":{"line":49,"column":12},"end":{"line":49,"column":48}},"15":{"start":{"line":50,"column":12},"end":{"line":50,"column":56}},"16":{"start":{"line":52,"column":8},"end":{"line":52,"column":81}}},"branchMap":{"1":{"line":22,"type":"if","locations":[{"start":{"line":22,"column":8},"end":{"line":22,"column":8}},{"start":{"line":22,"column":8},"end":{"line":22,"column":8}}]}}},"contracts\\CampaignFactory.sol":{"l":{"53":48,"54":46,"55":44,"56":42,"57":42,"58":42,"59":42,"63":19,"67":1,"71":1,"72":1,"73":1,"74":2,"75":1,"76":1,"79":1,"83":1,"84":1,"85":3,"87":1},"path":"D:/Desktop/kingsland/Final Project/fundraising-platform-dapp/smart-contracts/contracts/CampaignFactory.sol","s":{"1":48,"2":46,"3":44,"4":42,"5":42,"6":42,"7":42,"8":19,"9":1,"10":1,"11":1,"12":1,"13":2,"14":1,"15":1,"16":1,"17":1,"18":3,"19":1},"b":{"1":[46,2],"2":[44,2],"3":[42,2],"4":[1,1]},"f":{"1":48,"2":19,"3":1,"4":1,"5":1},"fnMap":{"1":{"name":"createCampaign","line":52,"loc":{"start":{"line":52,"column":4},"end":{"line":52,"column":157}}},"2":{"name":"isCampaignFinished","line":62,"loc":{"start":{"line":62,"column":4},"end":{"line":62,"column":74}}},"3":{"name":"getCampaignsCount","line":66,"loc":{"start":{"line":66,"column":4},"end":{"line":66,"column":59}}},"4":{"name":"getCampaignsByOwner","line":70,"loc":{"start":{"line":70,"column":4},"end":{"line":70,"column":84}}},"5":{"name":"getCampaignsFinishStatus","line":82,"loc":{"start":{"line":82,"column":4},"end":{"line":82,"column":75}}}},"statementMap":{"1":{"start":{"line":53,"column":8},"end":{"line":53,"column":29}},"2":{"start":{"line":54,"column":8},"end":{"line":54,"column":33}},"3":{"start":{"line":55,"column":8},"end":{"line":55,"column":29}},"4":{"start":{"line":56,"column":8},"end":{"line":56,"column":126}},"5":{"start":{"line":57,"column":8},"end":{"line":57,"column":39}},"6":{"start":{"line":58,"column":8},"end":{"line":58,"column":77}},"7":{"start":{"line":59,"column":8},"end":{"line":59,"column":35}},"8":{"start":{"line":63,"column":8},"end":{"line":63,"column":55}},"9":{"start":{"line":67,"column":8},"end":{"line":67,"column":31}},"10":{"start":{"line":71,"column":8},"end":{"line":71,"column":68}},"11":{"start":{"line":72,"column":8},"end":{"line":72,"column":23}},"12":{"start":{"line":73,"column":8},"end":{"line":73,"column":2006}},"13":{"start":{"line":74,"column":12},"end":{"line":74,"column":2069}},"14":{"start":{"line":75,"column":16},"end":{"line":75,"column":34}},"15":{"start":{"line":79,"column":8},"end":{"line":79,"column":21}},"16":{"start":{"line":83,"column":8},"end":{"line":83,"column":58}},"17":{"start":{"line":84,"column":8},"end":{"line":84,"column":2378}},"18":{"start":{"line":85,"column":12},"end":{"line":85,"column":44}},"19":{"start":{"line":87,"column":8},"end":{"line":87,"column":21}}},"branchMap":{"1":{"line":53,"type":"if","locations":[{"start":{"line":53,"column":8},"end":{"line":53,"column":8}},{"start":{"line":53,"column":8},"end":{"line":53,"column":8}}]},"2":{"line":54,"type":"if","locations":[{"start":{"line":54,"column":8},"end":{"line":54,"column":8}},{"start":{"line":54,"column":8},"end":{"line":54,"column":8}}]},"3":{"line":55,"type":"if","locations":[{"start":{"line":55,"column":8},"end":{"line":55,"column":8}},{"start":{"line":55,"column":8},"end":{"line":55,"column":8}}]},"4":{"line":74,"type":"if","locations":[{"start":{"line":74,"column":12},"end":{"line":74,"column":12}},{"start":{"line":74,"column":12},"end":{"line":74,"column":12}}]}}},"contracts\\CampaignHelper.sol":{"l":{"16":3,"17":1,"23":1,"24":1,"25":1,"26":1,"30":1,"31":1,"32":1,"36":1,"37":1,"38":1,"42":1,"43":1,"44":1},"path":"D:/Desktop/kingsland/Final Project/fundraising-platform-dapp/smart-contracts/contracts/CampaignHelper.sol","s":{"1":3,"2":1,"3":1,"4":1,"5":1,"6":1,"7":1,"8":1,"9":1,"10":1,"11":1,"12":1,"13":1},"b":{"1":[1,2]},"f":{"1":3,"2":1,"3":1,"4":1,"5":1},"fnMap":{"1":{"name":"onlyCampaignFinished","line":15,"loc":{"start":{"line":15,"column":4},"end":{"line":15,"column":49}}},"2":{"name":"withdrawCampaignBalance","line":22,"loc":{"start":{"line":22,"column":4},"end":{"line":22,"column":120}}},"3":{"name":"updateCampaignStory","line":29,"loc":{"start":{"line":29,"column":4},"end":{"line":29,"column":104}}},"4":{"name":"updateCampaignImageHash","line":35,"loc":{"start":{"line":35,"column":4},"end":{"line":35,"column":112}}},"5":{"name":"extendCampaignDeadline","line":41,"loc":{"start":{"line":41,"column":4},"end":{"line":41,"column":138}}}},"statementMap":{"1":{"start":{"line":16,"column":8},"end":{"line":16,"column":47}},"2":{"start":{"line":23,"column":8},"end":{"line":23,"column":59}},"3":{"start":{"line":25,"column":8},"end":{"line":25,"column":69}},"4":{"start":{"line":26,"column":8},"end":{"line":26,"column":29}},"5":{"start":{"line":30,"column":8},"end":{"line":30,"column":59}},"6":{"start":{"line":31,"column":8},"end":{"line":31,"column":35}},"7":{"start":{"line":32,"column":8},"end":{"line":32,"column":56}},"8":{"start":{"line":36,"column":8},"end":{"line":36,"column":59}},"9":{"start":{"line":37,"column":8},"end":{"line":37,"column":43}},"10":{"start":{"line":38,"column":8},"end":{"line":38,"column":64}},"11":{"start":{"line":42,"column":8},"end":{"line":42,"column":59}},"12":{"start":{"line":43,"column":8},"end":{"line":43,"column":63}},"13":{"start":{"line":44,"column":8},"end":{"line":44,"column":80}}},"branchMap":{"1":{"line":16,"type":"if","locations":[{"start":{"line":16,"column":8},"end":{"line":16,"column":8}},{"start":{"line":16,"column":8},"end":{"line":16,"column":8}}]}}},"contracts\\CampaignOwnership.sol":{"l":{"14":19,"15":9,"21":2,"22":1,"27":6,"28":4,"30":2,"32":2,"33":2,"34":2,"35":2,"39":1,"43":1,"47":10,"48":6,"52":1,"53":1},"path":"D:/Desktop/kingsland/Final Project/fundraising-platform-dapp/smart-contracts/contracts/CampaignOwnership.sol","s":{"1":19,"2":2,"3":1,"4":6,"5":4,"6":2,"7":2,"8":2,"9":2,"10":2,"11":1,"12":1,"13":10,"14":6,"15":1,"16":1},"b":{"1":[9,10],"2":[1,1],"3":[4,2],"4":[2,2],"5":[6,4]},"f":{"1":19,"2":2,"3":6,"4":1,"5":1,"6":10,"7":1},"fnMap":{"1":{"name":"onlyOwnerOf","line":13,"loc":{"start":{"line":13,"column":4},"end":{"line":13,"column":40}}},"2":{"name":"_clearApproval","line":20,"loc":{"start":{"line":20,"column":4},"end":{"line":20,"column":50}}},"3":{"name":"_transfer","line":26,"loc":{"start":{"line":26,"column":4},"end":{"line":26,"column":74}}},"4":{"name":"balanceOf","line":38,"loc":{"start":{"line":38,"column":4},"end":{"line":38,"column":68}}},"5":{"name":"ownerOf","line":42,"loc":{"start":{"line":42,"column":4},"end":{"line":42,"column":68}}},"6":{"name":"transferFrom","line":46,"loc":{"start":{"line":46,"column":4},"end":{"line":46,"column":86}}},"7":{"name":"approve","line":51,"loc":{"start":{"line":51,"column":4},"end":{"line":51,"column":94}}}},"statementMap":{"1":{"start":{"line":14,"column":8},"end":{"line":14,"column":58}},"2":{"start":{"line":21,"column":8},"end":{"line":21,"column":457}},"3":{"start":{"line":22,"column":12},"end":{"line":22,"column":50}},"4":{"start":{"line":27,"column":8},"end":{"line":27,"column":95}},"5":{"start":{"line":28,"column":8},"end":{"line":28,"column":73}},"6":{"start":{"line":30,"column":8},"end":{"line":30,"column":31}},"7":{"start":{"line":32,"column":8},"end":{"line":32,"column":63}},"8":{"start":{"line":33,"column":8},"end":{"line":33,"column":67}},"9":{"start":{"line":34,"column":8},"end":{"line":34,"column":38}},"10":{"start":{"line":35,"column":8},"end":{"line":35,"column":43}},"11":{"start":{"line":39,"column":8},"end":{"line":39,"column":41}},"12":{"start":{"line":43,"column":8},"end":{"line":43,"column":40}},"13":{"start":{"line":47,"column":8},"end":{"line":47,"column":101}},"14":{"start":{"line":48,"column":8},"end":{"line":48,"column":38}},"15":{"start":{"line":52,"column":8},"end":{"line":52,"column":46}},"16":{"start":{"line":53,"column":8},"end":{"line":53,"column":54}}},"branchMap":{"1":{"line":14,"type":"if","locations":[{"start":{"line":14,"column":8},"end":{"line":14,"column":8}},{"start":{"line":14,"column":8},"end":{"line":14,"column":8}}]},"2":{"line":21,"type":"if","locations":[{"start":{"line":21,"column":8},"end":{"line":21,"column":8}},{"start":{"line":21,"column":8},"end":{"line":21,"column":8}}]},"3":{"line":27,"type":"if","locations":[{"start":{"line":27,"column":8},"end":{"line":27,"column":8}},{"start":{"line":27,"column":8},"end":{"line":27,"column":8}}]},"4":{"line":28,"type":"if","locations":[{"start":{"line":28,"column":8},"end":{"line":28,"column":8}},{"start":{"line":28,"column":8},"end":{"line":28,"column":8}}]},"5":{"line":47,"type":"if","locations":[{"start":{"line":47,"column":8},"end":{"line":47,"column":8}},{"start":{"line":47,"column":8},"end":{"line":47,"column":8}}]}}},"contracts\\ERC721.sol":{"l":{},"path":"D:/Desktop/kingsland/Final Project/fundraising-platform-dapp/smart-contracts/contracts/ERC721.sol","s":{},"b":{},"f":{},"fnMap":{},"statementMap":{},"branchMap":{}},"contracts\\FundraisingPlatform.sol":{"l":{"14":8,"15":8,"19":2,"23":1,"24":1,"25":1},"path":"D:/Desktop/kingsland/Final Project/fundraising-platform-dapp/smart-contracts/contracts/FundraisingPlatform.sol","s":{"1":8,"2":8,"3":2,"4":1,"5":1},"b":{},"f":{"1":8,"2":2,"3":1},"fnMap":{"1":{"name":"donateToPlatform","line":13,"loc":{"start":{"line":13,"column":4},"end":{"line":13,"column":44}}},"2":{"name":"getReceivedDonation","line":18,"loc":{"start":{"line":18,"column":4},"end":{"line":18,"column":69}}},"3":{"name":"withdrawReceivedDonation","line":22,"loc":{"start":{"line":22,"column":4},"end":{"line":22,"column":54}}}},"statementMap":{"1":{"start":{"line":14,"column":8},"end":{"line":14,"column":57}},"2":{"start":{"line":15,"column":8},"end":{"line":15,"column":61}},"3":{"start":{"line":19,"column":8},"end":{"line":19,"column":31}},"4":{"start":{"line":24,"column":8},"end":{"line":24,"column":55}},"5":{"start":{"line":25,"column":8},"end":{"line":25,"column":27}}},"branchMap":{}},"contracts\\Ownable.sol":{"l":{"21":51,"22":51,"29":2,"36":14,"37":7,"44":14,"55":1,"56":1,"64":3,"71":3,"72":1,"73":1},"path":"D:/Desktop/kingsland/Final Project/fundraising-platform-dapp/smart-contracts/contracts/Ownable.sol","s":{"1":51,"2":51,"3":2,"4":14,"5":14,"6":1,"7":1,"8":3,"9":3,"10":1,"11":1},"b":{"1":[7,7],"2":[1,2]},"f":{"1":51,"2":2,"3":14,"4":14,"5":1,"6":3,"7":3},"fnMap":{"1":{"name":null,"line":20,"loc":{"start":{"line":20,"column":4},"end":{"line":20,"column":25}}},"2":{"name":"owner","line":28,"loc":{"start":{"line":28,"column":4},"end":{"line":28,"column":48}}},"3":{"name":"onlyOwner","line":35,"loc":{"start":{"line":35,"column":4},"end":{"line":35,"column":22}}},"4":{"name":"isOwner","line":43,"loc":{"start":{"line":43,"column":4},"end":{"line":43,"column":47}}},"5":{"name":"renounceOwnership","line":54,"loc":{"start":{"line":54,"column":4},"end":{"line":54,"column":47}}},"6":{"name":"transferOwnership","line":63,"loc":{"start":{"line":63,"column":4},"end":{"line":63,"column":63}}},"7":{"name":"_transferOwnership","line":70,"loc":{"start":{"line":70,"column":4},"end":{"line":70,"column":56}}}},"statementMap":{"1":{"start":{"line":21,"column":8},"end":{"line":21,"column":26}},"2":{"start":{"line":22,"column":8},"end":{"line":22,"column":53}},"3":{"start":{"line":29,"column":8},"end":{"line":29,"column":21}},"4":{"start":{"line":36,"column":8},"end":{"line":36,"column":61}},"5":{"start":{"line":44,"column":8},"end":{"line":44,"column":35}},"6":{"start":{"line":55,"column":8},"end":{"line":55,"column":53}},"7":{"start":{"line":56,"column":8},"end":{"line":56,"column":26}},"8":{"start":{"line":64,"column":8},"end":{"line":64,"column":35}},"9":{"start":{"line":71,"column":8},"end":{"line":71,"column":80}},"10":{"start":{"line":72,"column":8},"end":{"line":72,"column":51}},"11":{"start":{"line":73,"column":8},"end":{"line":73,"column":24}}},"branchMap":{"1":{"line":36,"type":"if","locations":[{"start":{"line":36,"column":8},"end":{"line":36,"column":8}},{"start":{"line":36,"column":8},"end":{"line":36,"column":8}}]},"2":{"line":71,"type":"if","locations":[{"start":{"line":71,"column":8},"end":{"line":71,"column":8}},{"start":{"line":71,"column":8},"end":{"line":71,"column":8}}]}}}}