TN:
SF:D:/Desktop/kingsland/Final Project/fundraising-platform-dapp/smart-contracts/contracts/CampaignDonating.sol
FN:21,onlyCampaignNotFinished
FN:32,donateToCampaign
FN:40,getCampaignDonations
FNF:3
FNH:3
FNDA:11,onlyCampaignNotFinished
FNDA:6,donateToCampaign
FNDA:1,getCampaignDonations
DA:22,11
DA:23,7
DA:33,6
DA:34,6
DA:35,6
DA:36,6
DA:37,6
DA:41,1
DA:42,1
DA:43,1
DA:44,1
DA:45,1
DA:46,1
DA:47,2
DA:48,2
DA:49,2
DA:50,2
DA:52,1
LF:18
LH:18
BRDA:22,1,0,7
BRDA:22,1,1,4
BRF:2
BRH:2
end_of_record
TN:
SF:D:/Desktop/kingsland/Final Project/fundraising-platform-dapp/smart-contracts/contracts/CampaignFactory.sol
FN:52,createCampaign
FN:62,isCampaignFinished
FN:66,getCampaignsCount
FN:70,getCampaignsByOwner
FN:82,getCampaignsFinishStatus
FNF:5
FNH:5
FNDA:48,createCampaign
FNDA:19,isCampaignFinished
FNDA:1,getCampaignsCount
FNDA:1,getCampaignsByOwner
FNDA:1,getCampaignsFinishStatus
DA:53,48
DA:54,46
DA:55,44
DA:56,42
DA:57,42
DA:58,42
DA:59,42
DA:63,19
DA:67,1
DA:71,1
DA:72,1
DA:73,1
DA:74,2
DA:75,1
DA:76,1
DA:79,1
DA:83,1
DA:84,1
DA:85,3
DA:87,1
LF:20
LH:20
BRDA:53,1,0,46
BRDA:53,1,1,2
BRDA:54,2,0,44
BRDA:54,2,1,2
BRDA:55,3,0,42
BRDA:55,3,1,2
BRDA:74,4,0,1
BRDA:74,4,1,1
BRF:8
BRH:8
end_of_record
TN:
SF:D:/Desktop/kingsland/Final Project/fundraising-platform-dapp/smart-contracts/contracts/CampaignHelper.sol
FN:15,onlyCampaignFinished
FN:22,withdrawCampaignBalance
FN:29,updateCampaignStory
FN:35,updateCampaignImageHash
FN:41,extendCampaignDeadline
FNF:5
FNH:5
FNDA:3,onlyCampaignFinished
FNDA:1,withdrawCampaignBalance
FNDA:1,updateCampaignStory
FNDA:1,updateCampaignImageHash
FNDA:1,extendCampaignDeadline
DA:16,3
DA:17,1
DA:23,1
DA:24,1
DA:25,1
DA:26,1
DA:30,1
DA:31,1
DA:32,1
DA:36,1
DA:37,1
DA:38,1
DA:42,1
DA:43,1
DA:44,1
LF:15
LH:15
BRDA:16,1,0,1
BRDA:16,1,1,2
BRF:2
BRH:2
end_of_record
TN:
SF:D:/Desktop/kingsland/Final Project/fundraising-platform-dapp/smart-contracts/contracts/CampaignOwnership.sol
FN:13,onlyOwnerOf
FN:20,_clearApproval
FN:26,_transfer
FN:38,balanceOf
FN:42,ownerOf
FN:46,transferFrom
FN:51,approve
FNF:7
FNH:7
FNDA:19,onlyOwnerOf
FNDA:2,_clearApproval
FNDA:6,_transfer
FNDA:1,balanceOf
FNDA:1,ownerOf
FNDA:10,transferFrom
FNDA:1,approve
DA:14,19
DA:15,9
DA:21,2
DA:22,1
DA:27,6
DA:28,4
DA:30,2
DA:32,2
DA:33,2
DA:34,2
DA:35,2
DA:39,1
DA:43,1
DA:47,10
DA:48,6
DA:52,1
DA:53,1
LF:17
LH:17
BRDA:14,1,0,9
BRDA:14,1,1,10
BRDA:21,2,0,1
BRDA:21,2,1,1
BRDA:27,3,0,4
BRDA:27,3,1,2
BRDA:28,4,0,2
BRDA:28,4,1,2
BRDA:47,5,0,6
BRDA:47,5,1,4
BRF:10
BRH:10
end_of_record
TN:
SF:D:/Desktop/kingsland/Final Project/fundraising-platform-dapp/smart-contracts/contracts/ERC721.sol
FNF:0
FNH:0
LF:0
LH:0
BRF:0
BRH:0
end_of_record
TN:
SF:D:/Desktop/kingsland/Final Project/fundraising-platform-dapp/smart-contracts/contracts/FundraisingPlatform.sol
FN:13,donateToPlatform
FN:18,getReceivedDonation
FN:22,withdrawReceivedDonation
FNF:3
FNH:3
FNDA:8,donateToPlatform
FNDA:2,getReceivedDonation
FNDA:1,withdrawReceivedDonation
DA:14,8
DA:15,8
DA:19,2
DA:23,1
DA:24,1
DA:25,1
LF:6
LH:6
BRF:0
BRH:0
end_of_record
TN:
SF:D:/Desktop/kingsland/Final Project/fundraising-platform-dapp/smart-contracts/contracts/Ownable.sol
FN:20,
FN:28,owner
FN:35,onlyOwner
FN:43,isOwner
FN:54,renounceOwnership
FN:63,transferOwnership
FN:70,_transferOwnership
FNF:7
FNH:7
FNDA:51,
FNDA:2,owner
FNDA:14,onlyOwner
FNDA:14,isOwner
FNDA:1,renounceOwnership
FNDA:3,transferOwnership
FNDA:3,_transferOwnership
DA:21,51
DA:22,51
DA:29,2
DA:36,14
DA:37,7
DA:44,14
DA:55,1
DA:56,1
DA:64,3
DA:71,3
DA:72,1
DA:73,1
LF:12
LH:12
BRDA:36,1,0,7
BRDA:36,1,1,7
BRDA:71,2,0,1
BRDA:71,2,1,2
BRF:4
BRH:4
end_of_record
